#
# There is insufficient memory for the Java Runtime Environment to continue.
# Native memory allocation (mmap) failed to map 38797312 bytes. Error detail: G1 virtual space
# Possible reasons:
#   The system is out of physical RAM or swap space
#   This process is running with CompressedOops enabled, and the Java Heap may be blocking the growth of the native heap
# Possible solutions:
#   Reduce memory load on the system
#   Increase physical memory or swap space
#   Check if swap backing store is full
#   Decrease Java heap size (-Xmx/-Xms)
#   Decrease number of Java threads
#   Decrease Java thread stack sizes (-Xss)
#   Set larger code cache with -XX:ReservedCodeCacheSize=
#   JVM is running with Unscaled Compressed Oops mode in which the Java heap is
#     placed in the first 4GB address space. The Java Heap base address is the
#     maximum limit for the native heap growth. Please use -XX:HeapBaseMinAddress
#     to set the Java Heap base and to place the Java Heap above 4GB virtual address.
# This output file may be truncated or incomplete.
#
#  Out of Memory Error (os_windows.cpp:3564), pid=36500, tid=25864
#
# JRE version: Java(TM) SE Runtime Environment (24.0.1+9) (build 24.0.1+9-30)
# Java VM: Java HotSpot(TM) 64-Bit Server VM (24.0.1+9-30, mixed mode, emulated-client, sharing, tiered, compressed oops, compressed class ptrs, g1 gc, windows-amd64)
# No core dump will be written. Minidumps are not enabled by default on client versions of Windows
#

---------------  S U M M A R Y ------------

Command Line: -XX:TieredStopAtLevel=1 -Dspring.output.ansi.enabled=always -Dcom.sun.management.jmxremote -Dspring.jmx.enabled=true -Dspring.liveBeansView.mbeanDomain -Dspring.application.admin.enabled=true -Dmanagement.endpoints.jmx.exposure.include=* -javaagent:C:\Program Files\JetBrains\IntelliJ IDEA 2025.1.2\lib\idea_rt.jar=56308 -Dfile.encoding=UTF-8 -Dsun.stdout.encoding=UTF-8 -Dsun.stderr.encoding=UTF-8 com.ahmedabasimel.myhotel.MyHotelApplication

Host: 12th Gen Intel(R) Core(TM) i5-1235U, 12 cores, 7G,  Windows 11 , 64 bit Build 26100 (10.0.26100.4768)
Time: Thu Sep 11 10:20:24 2025 W. Europe Daylight Time elapsed time: 11.512627 seconds (0d 0h 0m 11s)

---------------  T H R E A D  ---------------

Current thread (0x0000021a3e20f850):  VMThread "VM Thread"          [id=25864, stack(0x000000789d000000,0x000000789d100000) (1024K)]

Stack: [0x000000789d000000,0x000000789d100000]
Native frames: (J=compiled Java code, j=interpreted, Vv=VM code, C=native code)
V  [jvm.dll+0x730739]  (no source info available)
V  [jvm.dll+0x8d9b23]  (no source info available)
V  [jvm.dll+0x8dc00d]  (no source info available)
V  [jvm.dll+0x8dc683]  (no source info available)
V  [jvm.dll+0x2aa086]  (no source info available)
V  [jvm.dll+0x72cc65]  (no source info available)
V  [jvm.dll+0x72059a]  (no source info available)
V  [jvm.dll+0x390cea]  (no source info available)
V  [jvm.dll+0x3989f6]  (no source info available)
V  [jvm.dll+0x38523e]  (no source info available)
V  [jvm.dll+0x3854f8]  (no source info available)
V  [jvm.dll+0x35d0cc]  (no source info available)
V  [jvm.dll+0x35d15a]  (no source info available)
V  [jvm.dll+0x3aa702]  (no source info available)
V  [jvm.dll+0x3a8d82]  (no source info available)
V  [jvm.dll+0x35c897]  (no source info available)
V  [jvm.dll+0x3a8534]  (no source info available)
V  [jvm.dll+0x8e2742]  (no source info available)
V  [jvm.dll+0x8e3a8c]  (no source info available)
V  [jvm.dll+0x8e3ff8]  (no source info available)
V  [jvm.dll+0x8e4293]  (no source info available)
V  [jvm.dll+0x87d76b]  (no source info available)
V  [jvm.dll+0x72ee55]  (no source info available)
C  [ucrtbase.dll+0x37b0]  (no source info available)
C  [KERNEL32.DLL+0x2e8d7]  (no source info available)
C  [ntdll.dll+0x3c34c]  (no source info available)

VM_Operation (0x000000789c9f7880): G1CollectForAllocation, mode: safepoint, requested by thread 0x0000021a2d28d750


---------------  P R O C E S S  ---------------

Threads class SMR info:
_java_thread_list=0x0000021a85f1be10, length=25, elements={
0x0000021a2d28d750, 0x0000021a3e359530, 0x0000021a3e359c70, 0x0000021a3e35a7a0,
0x0000021a3e35b400, 0x0000021a3e3683e0, 0x0000021a3e368b30, 0x0000021a3e36cb20,
0x0000021a3e39d570, 0x0000021a3e36a870, 0x0000021a3e593080, 0x0000021a3e36a120,
0x0000021a3e36afc0, 0x0000021a3e369280, 0x0000021a3e3699d0, 0x0000021a3e36b710,
0x0000021a3eedfc20, 0x0000021a851291a0, 0x0000021a3eee20b0, 0x0000021a3eee2f50,
0x0000021a3eee3df0, 0x0000021a3eee36a0, 0x0000021a3eee0ac0, 0x0000021a3eee4540,
0x0000021a3eee53e0
}

Java Threads: ( => current thread )
  0x0000021a2d28d750 JavaThread "main"                              [_thread_blocked, id=39636, stack(0x000000789c900000,0x000000789ca00000) (1024K)]
  0x0000021a3e359530 JavaThread "Reference Handler"          daemon [_thread_blocked, id=29548, stack(0x000000789d100000,0x000000789d200000) (1024K)]
  0x0000021a3e359c70 JavaThread "Finalizer"                  daemon [_thread_blocked, id=41296, stack(0x000000789d200000,0x000000789d300000) (1024K)]
  0x0000021a3e35a7a0 JavaThread "Signal Dispatcher"          daemon [_thread_blocked, id=39896, stack(0x000000789d300000,0x000000789d400000) (1024K)]
  0x0000021a3e35b400 JavaThread "Attach Listener"            daemon [_thread_blocked, id=20732, stack(0x000000789d400000,0x000000789d500000) (1024K)]
  0x0000021a3e3683e0 JavaThread "Service Thread"             daemon [_thread_blocked, id=41752, stack(0x000000789d500000,0x000000789d600000) (1024K)]
  0x0000021a3e368b30 JavaThread "Monitor Deflation Thread"   daemon [_thread_blocked, id=47332, stack(0x000000789d600000,0x000000789d700000) (1024K)]
  0x0000021a3e36cb20 JavaThread "C1 CompilerThread0"         daemon [_thread_blocked, id=42996, stack(0x000000789d700000,0x000000789d800000) (1024K)]
  0x0000021a3e39d570 JavaThread "C1 CompilerThread1"         daemon [_thread_blocked, id=42712, stack(0x000000789d800000,0x000000789d900000) (1024K)]
  0x0000021a3e36a870 JavaThread "Common-Cleaner"             daemon [_thread_blocked, id=8796, stack(0x000000789d900000,0x000000789da00000) (1024K)]
  0x0000021a3e593080 JavaThread "C1 CompilerThread2"         daemon [_thread_blocked, id=41040, stack(0x000000789da00000,0x000000789db00000) (1024K)]
  0x0000021a3e36a120 JavaThread "Monitor Ctrl-Break"         daemon [_thread_in_native, id=36556, stack(0x000000789db00000,0x000000789dc00000) (1024K)]
  0x0000021a3e36afc0 JavaThread "Notification Thread"        daemon [_thread_blocked, id=36240, stack(0x000000789dc00000,0x000000789dd00000) (1024K)]
  0x0000021a3e369280 JavaThread "RMI TCP Accept-0"           daemon [_thread_in_native, id=31264, stack(0x000000789dd00000,0x000000789de00000) (1024K)]
  0x0000021a3e3699d0 JavaThread "RMI TCP Connection(1)-172.16.121.116" daemon [_thread_blocked, id=4244, stack(0x000000789de00000,0x000000789df00000) (1024K)]
  0x0000021a3e36b710 JavaThread "RMI Scheduler(0)"           daemon [_thread_blocked, id=32536, stack(0x000000789df00000,0x000000789e000000) (1024K)]
  0x0000021a3eedfc20 JavaThread "JMX server connection timeout 31" daemon [_thread_blocked, id=41136, stack(0x000000789e000000,0x000000789e100000) (1024K)]
  0x0000021a851291a0 JavaThread "C1 CompilerThread3"         daemon [_thread_blocked, id=47836, stack(0x000000789e800000,0x000000789e900000) (1024K)]
  0x0000021a3eee20b0 JavaThread "PostgreSQL-JDBC-Cleaner"    daemon [_thread_blocked, id=7780, stack(0x000000789ee00000,0x000000789ef00000) (1024K)]
  0x0000021a3eee2f50 JavaThread "HikariPool-1:housekeeper"   daemon [_thread_blocked, id=28332, stack(0x000000789f000000,0x000000789f100000) (1024K)]
  0x0000021a3eee3df0 JavaThread "HikariPool-1:connection-adder" daemon [_thread_blocked, id=3372, stack(0x000000789ef00000,0x000000789f000000) (1024K)]
  0x0000021a3eee36a0 JavaThread "RMI TCP Connection(2)-172.16.121.116" daemon [_thread_blocked, id=38748, stack(0x000000789f100000,0x000000789f200000) (1024K)]
  0x0000021a3eee0ac0 JavaThread "Catalina-utility-1"                [_thread_blocked, id=35404, stack(0x000000789f200000,0x000000789f300000) (1024K)]
  0x0000021a3eee4540 JavaThread "Catalina-utility-2"                [_thread_blocked, id=33908, stack(0x000000789f300000,0x000000789f400000) (1024K)]
  0x0000021a3eee53e0 JavaThread "container-0"                       [_thread_blocked, id=27024, stack(0x000000789f400000,0x000000789f500000) (1024K)]
Total: 25

Other Threads:
=>0x0000021a3e20f850 VMThread "VM Thread"                           [id=25864, stack(0x000000789d000000,0x000000789d100000) (1024K)]
  0x0000021a3e339520 WatcherThread "VM Periodic Task Thread"        [id=46368, stack(0x000000789cf00000,0x000000789d000000) (1024K)]
  0x0000021a2d2e3e40 WorkerThread "GC Thread#0"                     [id=46136, stack(0x000000789ca00000,0x000000789cb00000) (1024K)]
  0x0000021a844294d0 WorkerThread "GC Thread#1"                     [id=32056, stack(0x000000789e100000,0x000000789e200000) (1024K)]
  0x0000021a84428260 WorkerThread "GC Thread#2"                     [id=46340, stack(0x000000789e200000,0x000000789e300000) (1024K)]
  0x0000021a844289c0 WorkerThread "GC Thread#3"                     [id=40272, stack(0x000000789e300000,0x000000789e400000) (1024K)]
  0x0000021a84428d70 WorkerThread "GC Thread#4"                     [id=47520, stack(0x000000789e400000,0x000000789e500000) (1024K)]
  0x0000021a84429c30 WorkerThread "GC Thread#5"                     [id=35544, stack(0x000000789e500000,0x000000789e600000) (1024K)]
  0x0000021a8442a740 WorkerThread "GC Thread#6"                     [id=40784, stack(0x000000789e600000,0x000000789e700000) (1024K)]
  0x0000021a84427750 WorkerThread "GC Thread#7"                     [id=46708, stack(0x000000789e700000,0x000000789e800000) (1024K)]
  0x0000021a84f44170 WorkerThread "GC Thread#8"                     [id=6204, stack(0x000000789ea00000,0x000000789eb00000) (1024K)]
  0x0000021a84f42f00 WorkerThread "GC Thread#9"                     [id=40064, stack(0x000000789eb00000,0x000000789ec00000) (1024K)]
  0x0000021a2d2f81c0 ConcurrentGCThread "G1 Main Marker"            [id=33616, stack(0x000000789cb00000,0x000000789cc00000) (1024K)]
  0x0000021a2d2f9a30 WorkerThread "G1 Conc#0"                       [id=42080, stack(0x000000789cc00000,0x000000789cd00000) (1024K)]
  0x0000021a84f45b40 WorkerThread "G1 Conc#1"                       [id=24016, stack(0x000000789ec00000,0x000000789ed00000) (1024K)]
  0x0000021a84f42b50 WorkerThread "G1 Conc#2"                       [id=40684, stack(0x000000789ed00000,0x000000789ee00000) (1024K)]
  0x0000021a3e2035e0 ConcurrentGCThread "G1 Refine#0"               [id=47620, stack(0x000000789cd00000,0x000000789ce00000) (1024K)]
  0x0000021a3e203c80 ConcurrentGCThread "G1 Service"                [id=40584, stack(0x000000789ce00000,0x000000789cf00000) (1024K)]
Total: 18

Threads with active compile tasks:
Total: 0

VM state: at safepoint (normal execution)

VM Mutex/Monitor currently owned by a thread:  ([mutex/lock_event])
[0x00007ffa10f744b0] Threads_lock - owner thread: 0x0000021a3e20f850
[0x00007ffa10f745b0] Heap_lock - owner thread: 0x0000021a2d28d750

Heap address: 0x0000000085000000, size: 1968 MB, Compressed Oops mode: 32-bit

CDS archive(s) mapped at: [0x0000021a3f000000-0x0000021a3fd40000-0x0000021a3fd40000), size 13893632, SharedBaseAddress: 0x0000021a3f000000, ArchiveRelocationMode: 1.
Compressed class space mapped at: 0x0000021a40000000-0x0000021a80000000, reserved size: 1073741824
UseCompressedClassPointers 1, UseCompactObjectHeaders 0
Narrow klass pointer bits 32, Max shift 3
Narrow klass base: 0x0000021a3f000000, Narrow klass shift: 0
Encoding Range: [0x0000021a3f000000 - 0x0000021b3f000000), (4294967296 bytes)
Klass Range:    [0x0000021a3f000000 - 0x0000021a80000000), (1090519040 bytes)
Klass ID Range:  [8 - 1090519033) (1090519025)

GC Precious Log:
 CardTable entry size: 512
 Card Set container configuration: InlinePtr #cards 5 size 8 Array Of Cards #cards 10 size 36 Howl #buckets 4 coarsen threshold 1843 Howl Bitmap #cards 512 size 80 coarsen threshold 460 Card regions per heap region 1 cards per card region 2048
 CPUs: 12 total, 12 available
 Memory: 7865M
 Large Page Support: Disabled
 NUMA Support: Disabled
 Compressed Oops: Enabled (32-bit)
 Heap Region Size: 1M
 Heap Min Capacity: 8M
 Heap Initial Capacity: 124M
 Heap Max Capacity: 1968M
 Pre-touch: Disabled
 Parallel Workers: 10
 Concurrent Workers: 3
 Concurrent Refinement Workers: 10
 Periodic GC: Disabled

Heap:
 garbage-first heap   total reserved 2015232K, committed 98304K, used 55991K [0x0000000085000000, 0x0000000100000000)
  region size 1024K, 2 young (2048K), 2 survivors (2048K)
 Metaspace       used 68372K, committed 68992K, reserved 1114112K
  class space    used 8134K, committed 8384K, reserved 1048576K

Heap Regions: E=young(eden), S=young(survivor), O=old, HS=humongous(starts), HC=humongous(continues), CS=collection set, F=free, TAMS=top-at-mark-start, PB=parsable bottom
|   0|0x0000000085000000, 0x0000000085100000, 0x0000000085100000|100%|HS|  |TAMS 0x0000000085000000| PB 0x0000000085000000| Complete |  0
|   1|0x0000000085100000, 0x0000000085200000, 0x0000000085200000|100%|HS|  |TAMS 0x0000000085100000| PB 0x0000000085100000| Complete |  0
|   2|0x0000000085200000, 0x0000000085300000, 0x0000000085300000|100%| O|  |TAMS 0x0000000085200000| PB 0x0000000085200000| Untracked |  0
|   3|0x0000000085300000, 0x0000000085400000, 0x0000000085400000|100%| O|  |TAMS 0x0000000085300000| PB 0x0000000085300000| Untracked |  0
|   4|0x0000000085400000, 0x0000000085500000, 0x0000000085500000|100%| O|  |TAMS 0x0000000085400000| PB 0x0000000085400000| Untracked |  0
|   5|0x0000000085500000, 0x0000000085600000, 0x0000000085600000|100%| O|  |TAMS 0x0000000085500000| PB 0x0000000085500000| Untracked |  0
|   6|0x0000000085600000, 0x0000000085700000, 0x0000000085700000|100%| O|  |TAMS 0x0000000085600000| PB 0x0000000085600000| Untracked |  0
|   7|0x0000000085700000, 0x0000000085800000, 0x0000000085800000|100%| O|  |TAMS 0x0000000085700000| PB 0x0000000085700000| Untracked |  0
|   8|0x0000000085800000, 0x0000000085900000, 0x0000000085900000|100%| O|  |TAMS 0x0000000085800000| PB 0x0000000085800000| Untracked |  0
|   9|0x0000000085900000, 0x0000000085a00000, 0x0000000085a00000|100%| O|  |TAMS 0x0000000085900000| PB 0x0000000085900000| Untracked |  0
|  10|0x0000000085a00000, 0x0000000085b00000, 0x0000000085b00000|100%| O|  |TAMS 0x0000000085a00000| PB 0x0000000085a00000| Untracked |  0
|  11|0x0000000085b00000, 0x0000000085c00000, 0x0000000085c00000|100%| O|  |TAMS 0x0000000085b00000| PB 0x0000000085b00000| Untracked |  0
|  12|0x0000000085c00000, 0x0000000085d00000, 0x0000000085d00000|100%| O|  |TAMS 0x0000000085c00000| PB 0x0000000085c00000| Untracked |  0
|  13|0x0000000085d00000, 0x0000000085e00000, 0x0000000085e00000|100%| O|  |TAMS 0x0000000085d00000| PB 0x0000000085d00000| Untracked |  0
|  14|0x0000000085e00000, 0x0000000085f00000, 0x0000000085f00000|100%| O|  |TAMS 0x0000000085e00000| PB 0x0000000085e00000| Untracked |  0
|  15|0x0000000085f00000, 0x0000000086000000, 0x0000000086000000|100%| O|  |TAMS 0x0000000085f00000| PB 0x0000000085f00000| Untracked |  0
|  16|0x0000000086000000, 0x0000000086100000, 0x0000000086100000|100%| O|  |TAMS 0x0000000086000000| PB 0x0000000086000000| Untracked |  0
|  17|0x0000000086100000, 0x0000000086200000, 0x0000000086200000|100%| O|  |TAMS 0x0000000086100000| PB 0x0000000086100000| Untracked |  0
|  18|0x0000000086200000, 0x0000000086300000, 0x0000000086300000|100%| O|  |TAMS 0x0000000086200000| PB 0x0000000086200000| Untracked |  0
|  19|0x0000000086300000, 0x0000000086400000, 0x0000000086400000|100%| O|  |TAMS 0x0000000086300000| PB 0x0000000086300000| Untracked |  0
|  20|0x0000000086400000, 0x0000000086500000, 0x0000000086500000|100%| O|  |TAMS 0x0000000086400000| PB 0x0000000086400000| Untracked |  0
|  21|0x0000000086500000, 0x0000000086500000, 0x0000000086600000|  0%| F|  |TAMS 0x0000000086500000| PB 0x0000000086500000| Untracked |  0
|  22|0x0000000086600000, 0x0000000086700000, 0x0000000086700000|100%| O|  |TAMS 0x0000000086600000| PB 0x0000000086600000| Untracked |  0
|  23|0x0000000086700000, 0x0000000086800000, 0x0000000086800000|100%| O|  |TAMS 0x0000000086700000| PB 0x0000000086700000| Untracked |  0
|  24|0x0000000086800000, 0x0000000086900000, 0x0000000086900000|100%| O|  |TAMS 0x0000000086800000| PB 0x0000000086800000| Untracked |  0
|  25|0x0000000086900000, 0x0000000086a00000, 0x0000000086a00000|100%| O|  |TAMS 0x0000000086900000| PB 0x0000000086900000| Untracked |  0
|  26|0x0000000086a00000, 0x0000000086b00000, 0x0000000086b00000|100%| O|  |TAMS 0x0000000086a00000| PB 0x0000000086a00000| Untracked |  0
|  27|0x0000000086b00000, 0x0000000086c00000, 0x0000000086c00000|100%| O|  |TAMS 0x0000000086b00000| PB 0x0000000086b00000| Untracked |  0
|  28|0x0000000086c00000, 0x0000000086d00000, 0x0000000086d00000|100%| O|  |TAMS 0x0000000086c00000| PB 0x0000000086c00000| Untracked |  0
|  29|0x0000000086d00000, 0x0000000086e00000, 0x0000000086e00000|100%| O|  |TAMS 0x0000000086d00000| PB 0x0000000086d00000| Untracked |  0
|  30|0x0000000086e00000, 0x0000000086f00000, 0x0000000086f00000|100%| O|  |TAMS 0x0000000086e00000| PB 0x0000000086e00000| Untracked |  0
|  31|0x0000000086f00000, 0x0000000087000000, 0x0000000087000000|100%| O|  |TAMS 0x0000000086f00000| PB 0x0000000086f00000| Untracked |  0
|  32|0x0000000087000000, 0x0000000087100000, 0x0000000087100000|100%|HS|  |TAMS 0x0000000087000000| PB 0x0000000087000000| Complete |  0
|  33|0x0000000087100000, 0x0000000087200000, 0x0000000087200000|100%| O|  |TAMS 0x0000000087100000| PB 0x0000000087100000| Untracked |  0
|  34|0x0000000087200000, 0x0000000087300000, 0x0000000087300000|100%| O|  |TAMS 0x0000000087200000| PB 0x0000000087200000| Untracked |  0
|  35|0x0000000087300000, 0x0000000087400000, 0x0000000087400000|100%| O|  |TAMS 0x0000000087300000| PB 0x0000000087300000| Untracked |  0
|  36|0x0000000087400000, 0x0000000087500000, 0x0000000087500000|100%| O|  |TAMS 0x0000000087400000| PB 0x0000000087400000| Untracked |  0
|  37|0x0000000087500000, 0x0000000087600000, 0x0000000087600000|100%| O|  |TAMS 0x0000000087500000| PB 0x0000000087500000| Untracked |  0
|  38|0x0000000087600000, 0x0000000087700000, 0x0000000087700000|100%| O|  |TAMS 0x0000000087600000| PB 0x0000000087600000| Untracked |  0
|  39|0x0000000087700000, 0x0000000087800000, 0x0000000087800000|100%| O|  |TAMS 0x0000000087700000| PB 0x0000000087700000| Untracked |  0
|  40|0x0000000087800000, 0x0000000087900000, 0x0000000087900000|100%| O|  |TAMS 0x0000000087800000| PB 0x0000000087800000| Untracked |  0
|  41|0x0000000087900000, 0x0000000087a00000, 0x0000000087a00000|100%| O|  |TAMS 0x0000000087900000| PB 0x0000000087900000| Untracked |  0
|  42|0x0000000087a00000, 0x0000000087b00000, 0x0000000087b00000|100%| O|  |TAMS 0x0000000087a00000| PB 0x0000000087a00000| Untracked |  0
|  43|0x0000000087b00000, 0x0000000087b00000, 0x0000000087c00000|  0%| F|  |TAMS 0x0000000087b00000| PB 0x0000000087b00000| Untracked |  0
|  44|0x0000000087c00000, 0x0000000087c00000, 0x0000000087d00000|  0%| F|  |TAMS 0x0000000087c00000| PB 0x0000000087c00000| Untracked |  0
|  45|0x0000000087d00000, 0x0000000087d00000, 0x0000000087e00000|  0%| F|  |TAMS 0x0000000087d00000| PB 0x0000000087d00000| Untracked |  0
|  46|0x0000000087e00000, 0x0000000087f00000, 0x0000000087f00000|100%| O|  |TAMS 0x0000000087e00000| PB 0x0000000087e00000| Untracked |  0
|  47|0x0000000087f00000, 0x0000000088000000, 0x0000000088000000|100%| O|  |TAMS 0x0000000087f00000| PB 0x0000000087f00000| Untracked |  0
|  48|0x0000000088000000, 0x0000000088100000, 0x0000000088100000|100%| O|  |TAMS 0x0000000088000000| PB 0x0000000088000000| Untracked |  0
|  49|0x0000000088100000, 0x0000000088200000, 0x0000000088200000|100%| S|CS|TAMS 0x0000000088100000| PB 0x0000000088100000| Complete |  0
|  50|0x0000000088200000, 0x0000000088300000, 0x0000000088300000|100%| S|CS|TAMS 0x0000000088200000| PB 0x0000000088200000| Complete |  0
|  51|0x0000000088300000, 0x0000000088300000, 0x0000000088400000|  0%| F|  |TAMS 0x0000000088300000| PB 0x0000000088300000| Untracked |  0
|  52|0x0000000088400000, 0x0000000088400000, 0x0000000088500000|  0%| F|  |TAMS 0x0000000088400000| PB 0x0000000088400000| Untracked |  0
|  53|0x0000000088500000, 0x0000000088500000, 0x0000000088600000|  0%| F|  |TAMS 0x0000000088500000| PB 0x0000000088500000| Untracked |  0
|  54|0x0000000088600000, 0x0000000088600000, 0x0000000088700000|  0%| F|  |TAMS 0x0000000088600000| PB 0x0000000088600000| Untracked |  0
|  55|0x0000000088700000, 0x0000000088700000, 0x0000000088800000|  0%| F|  |TAMS 0x0000000088700000| PB 0x0000000088700000| Untracked |  0
|  56|0x0000000088800000, 0x0000000088800000, 0x0000000088900000|  0%| F|  |TAMS 0x0000000088800000| PB 0x0000000088800000| Untracked |  0
|  57|0x0000000088900000, 0x0000000088900000, 0x0000000088a00000|  0%| F|  |TAMS 0x0000000088900000| PB 0x0000000088900000| Untracked |  0
|  58|0x0000000088a00000, 0x0000000088a00000, 0x0000000088b00000|  0%| F|  |TAMS 0x0000000088a00000| PB 0x0000000088a00000| Untracked |  0
|  59|0x0000000088b00000, 0x0000000088b00000, 0x0000000088c00000|  0%| F|  |TAMS 0x0000000088b00000| PB 0x0000000088b00000| Untracked |  0
|  60|0x0000000088c00000, 0x0000000088c00000, 0x0000000088d00000|  0%| F|  |TAMS 0x0000000088c00000| PB 0x0000000088c00000| Untracked |  0
|  61|0x0000000088d00000, 0x0000000088d00000, 0x0000000088e00000|  0%| F|  |TAMS 0x0000000088d00000| PB 0x0000000088d00000| Untracked |  0
|  62|0x0000000088e00000, 0x0000000088e00000, 0x0000000088f00000|  0%| F|  |TAMS 0x0000000088e00000| PB 0x0000000088e00000| Untracked |  0
|  63|0x0000000088f00000, 0x0000000088f00000, 0x0000000089000000|  0%| F|  |TAMS 0x0000000088f00000| PB 0x0000000088f00000| Untracked |  0
|  64|0x0000000089000000, 0x0000000089000000, 0x0000000089100000|  0%| F|  |TAMS 0x0000000089000000| PB 0x0000000089000000| Untracked |  0
|  65|0x0000000089100000, 0x0000000089100000, 0x0000000089200000|  0%| F|  |TAMS 0x0000000089100000| PB 0x0000000089100000| Untracked |  0
|  66|0x0000000089200000, 0x0000000089200000, 0x0000000089300000|  0%| F|  |TAMS 0x0000000089200000| PB 0x0000000089200000| Untracked |  0
|  67|0x0000000089300000, 0x0000000089300000, 0x0000000089400000|  0%| F|  |TAMS 0x0000000089300000| PB 0x0000000089300000| Untracked |  0
|  68|0x0000000089400000, 0x0000000089400000, 0x0000000089500000|  0%| F|  |TAMS 0x0000000089400000| PB 0x0000000089400000| Untracked |  0
|  69|0x0000000089500000, 0x0000000089500000, 0x0000000089600000|  0%| F|  |TAMS 0x0000000089500000| PB 0x0000000089500000| Untracked |  0
|  70|0x0000000089600000, 0x0000000089600000, 0x0000000089700000|  0%| F|  |TAMS 0x0000000089600000| PB 0x0000000089600000| Untracked |  0
|  71|0x0000000089700000, 0x0000000089700000, 0x0000000089800000|  0%| F|  |TAMS 0x0000000089700000| PB 0x0000000089700000| Untracked |  0
|  72|0x0000000089800000, 0x0000000089800000, 0x0000000089900000|  0%| F|  |TAMS 0x0000000089800000| PB 0x0000000089800000| Untracked |  0
|  73|0x0000000089900000, 0x0000000089900000, 0x0000000089a00000|  0%| F|  |TAMS 0x0000000089900000| PB 0x0000000089900000| Untracked |  0
|  74|0x0000000089a00000, 0x0000000089a00000, 0x0000000089b00000|  0%| F|  |TAMS 0x0000000089a00000| PB 0x0000000089a00000| Untracked |  0
|  75|0x0000000089b00000, 0x0000000089b00000, 0x0000000089c00000|  0%| F|  |TAMS 0x0000000089b00000| PB 0x0000000089b00000| Untracked |  0
|  76|0x0000000089c00000, 0x0000000089c00000, 0x0000000089d00000|  0%| F|  |TAMS 0x0000000089c00000| PB 0x0000000089c00000| Untracked |  0
|  77|0x0000000089d00000, 0x0000000089d00000, 0x0000000089e00000|  0%| F|  |TAMS 0x0000000089d00000| PB 0x0000000089d00000| Untracked |  0
|  78|0x0000000089e00000, 0x0000000089e00000, 0x0000000089f00000|  0%| F|  |TAMS 0x0000000089e00000| PB 0x0000000089e00000| Untracked |  0
|  79|0x0000000089f00000, 0x0000000089f00000, 0x000000008a000000|  0%| F|  |TAMS 0x0000000089f00000| PB 0x0000000089f00000| Untracked |  0
|  80|0x000000008a000000, 0x000000008a000000, 0x000000008a100000|  0%| F|  |TAMS 0x000000008a000000| PB 0x000000008a000000| Untracked |  0
|  81|0x000000008a100000, 0x000000008a100000, 0x000000008a200000|  0%| F|  |TAMS 0x000000008a100000| PB 0x000000008a100000| Untracked |  0
|  82|0x000000008a200000, 0x000000008a200000, 0x000000008a300000|  0%| F|  |TAMS 0x000000008a200000| PB 0x000000008a200000| Untracked |  0
|  83|0x000000008a300000, 0x000000008a300000, 0x000000008a400000|  0%| F|  |TAMS 0x000000008a300000| PB 0x000000008a300000| Untracked |  0
|  84|0x000000008a400000, 0x000000008a400000, 0x000000008a500000|  0%| F|  |TAMS 0x000000008a400000| PB 0x000000008a400000| Untracked |  0
|  85|0x000000008a500000, 0x000000008a500000, 0x000000008a600000|  0%| F|  |TAMS 0x000000008a500000| PB 0x000000008a500000| Untracked |  0
| 123|0x000000008cb00000, 0x000000008cb00000, 0x000000008cc00000|  0%| F|  |TAMS 0x000000008cb00000| PB 0x000000008cb00000| Untracked |  0
|1959|0x00000000ff700000, 0x00000000ff7ade00, 0x00000000ff800000| 67%| O|  |TAMS 0x00000000ff700000| PB 0x00000000ff700000| Untracked |  0
|1960|0x00000000ff800000, 0x00000000ff900000, 0x00000000ff900000|100%| O|  |TAMS 0x00000000ff800000| PB 0x00000000ff800000| Untracked |  0
|1961|0x00000000ff900000, 0x00000000ffa00000, 0x00000000ffa00000|100%| O|  |TAMS 0x00000000ff900000| PB 0x00000000ff900000| Untracked |  0
|1962|0x00000000ffa00000, 0x00000000ffb00000, 0x00000000ffb00000|100%| O|  |TAMS 0x00000000ffa00000| PB 0x00000000ffa00000| Untracked |  0
|1963|0x00000000ffb00000, 0x00000000ffc00000, 0x00000000ffc00000|100%| O|  |TAMS 0x00000000ffb00000| PB 0x00000000ffb00000| Untracked |  0
|1964|0x00000000ffc00000, 0x00000000ffd00000, 0x00000000ffd00000|100%| O|  |TAMS 0x00000000ffc00000| PB 0x00000000ffc00000| Untracked |  0
|1965|0x00000000ffd00000, 0x00000000ffe00000, 0x00000000ffe00000|100%| O|  |TAMS 0x00000000ffd00000| PB 0x00000000ffd00000| Untracked |  0
|1966|0x00000000ffe00000, 0x00000000fff00000, 0x00000000fff00000|100%| O|  |TAMS 0x00000000ffe00000| PB 0x00000000ffe00000| Untracked |  0
|1967|0x00000000fff00000, 0x00000000fff00000, 0x0000000100000000|  0%| F|  |TAMS 0x00000000fff00000| PB 0x00000000fff00000| Untracked |  0

Card table byte_map: [0x0000021a39460000,0x0000021a39840000] _byte_map_base: 0x0000021a39038000

Marking Bits: (CMBitMap*) 0x0000021a2d2e4460
 Bits: [0x0000021a39840000, 0x0000021a3b700000)

Polling page: 0x0000021a2b330000

Metaspace:

Usage:
  Non-class:     58.83 MB used.
      Class:      7.94 MB used.
       Both:     66.77 MB used.

Virtual space:
  Non-class space:       64.00 MB reserved,      59.19 MB ( 92%) committed,  1 nodes.
      Class space:        1.00 GB reserved,       8.19 MB ( <1%) committed,  1 nodes.
             Both:        1.06 GB reserved,      67.38 MB (  6%) committed. 

Chunk freelists:
   Non-Class:  4.53 MB
       Class:  7.80 MB
        Both:  12.33 MB

MaxMetaspaceSize: unlimited
CompressedClassSpaceSize: 1.00 GB
Initial GC threshold: 21.00 MB
Current GC threshold: 112.31 MB
CDS: on
 - commit_granule_bytes: 65536.
 - commit_granule_words: 8192.
 - virtual_space_node_default_size: 8388608.
 - enlarge_chunks_in_place: 1.
UseCompressedClassPointers 1, UseCompactObjectHeaders 0
Narrow klass pointer bits 32, Max shift 3
Narrow klass base: 0x0000021a3f000000, Narrow klass shift: 0
Encoding Range: [0x0000021a3f000000 - 0x0000021b3f000000), (4294967296 bytes)
Klass Range:    [0x0000021a3f000000 - 0x0000021a80000000), (1090519040 bytes)
Klass ID Range:  [8 - 1090519033) (1090519025)


Internal statistics:

num_allocs_failed_limit: 13.
num_arena_births: 708.
num_arena_deaths: 0.
num_vsnodes_births: 2.
num_vsnodes_deaths: 0.
num_space_committed: 1078.
num_space_uncommitted: 0.
num_chunks_returned_to_freelist: 13.
num_chunks_taken_from_freelist: 3066.
num_chunk_merges: 13.
num_chunk_splits: 2305.
num_chunks_enlarged: 1905.
num_inconsistent_stats: 0.

CodeCache: size=49152Kb used=10360Kb max_used=10381Kb free=38791Kb
 bounds [0x0000021a35b20000, 0x0000021a36550000, 0x0000021a38b20000]
 total_blobs=6960, nmethods=6251, adapters=632, full_count=0
Compilation: enabled, stopped_count=0, restarted_count=0

Compilation events (20 events):
Event: 9.387 Thread 0x0000021a3e36cb20 nmethod 6321 0x0000021a36540388 code [0x0000021a36540480, 0x0000021a36540548]
Event: 9.387 Thread 0x0000021a851291a0 nmethod 6320 0x0000021a36540688 code [0x0000021a36540780, 0x0000021a36540848]
Event: 9.389 Thread 0x0000021a3e593080 6322       1       org.antlr.v4.runtime.atn.ParserATNSimulator::actionTransition (60 bytes)
Event: 9.390 Thread 0x0000021a3e593080 nmethod 6322 0x0000021a36540988 code [0x0000021a36540b20, 0x0000021a36540f18]
Event: 9.403 Thread 0x0000021a3e36cb20 6323       1       org.antlr.v4.runtime.atn.ATNConfigSet::optimizeConfigs (71 bytes)
Event: 9.403 Thread 0x0000021a3e36cb20 nmethod 6323 0x0000021a36540f88 code [0x0000021a365410e0, 0x0000021a365414b8]
Event: 9.441 Thread 0x0000021a3e593080 6324       1       org.antlr.v4.runtime.atn.ParserATNSimulator::computeReachSet (575 bytes)
Event: 9.442 Thread 0x0000021a851291a0 6325       1       org.antlr.v4.runtime.atn.ATNConfigSet::isEmpty (8 bytes)
Event: 9.443 Thread 0x0000021a851291a0 nmethod 6325 0x0000021a36541588 code [0x0000021a365416a0, 0x0000021a36541780]
Event: 9.444 Thread 0x0000021a3e593080 nmethod 6324 0x0000021a36541888 code [0x0000021a36541cc0, 0x0000021a365434d0]
Event: 9.497 Thread 0x0000021a3e593080 6326       1       org.antlr.v4.runtime.atn.LexerATNSimulator::consume (49 bytes)
Event: 9.497 Thread 0x0000021a3e39d570 6327       1       org.antlr.v4.runtime.CodePointCharStream::consume (56 bytes)
Event: 9.497 Thread 0x0000021a851291a0 6328       1       org.antlr.v4.runtime.atn.LexerATNSimulator::captureSimState (32 bytes)
Event: 9.498 Thread 0x0000021a3e593080 nmethod 6326 0x0000021a36396b88 code [0x0000021a36396cc0, 0x0000021a36396e88]
Event: 9.498 Thread 0x0000021a3e39d570 nmethod 6327 0x0000021a35e04788 code [0x0000021a35e048a0, 0x0000021a35e04a10]
Event: 9.498 Thread 0x0000021a851291a0 nmethod 6328 0x0000021a36347d08 code [0x0000021a36347e20, 0x0000021a36347f90]
Event: 9.499 Thread 0x0000021a851291a0 6329       1       org.antlr.v4.runtime.BufferedTokenStream::LA (11 bytes)
Event: 9.499 Thread 0x0000021a3e593080 6330       1       org.antlr.v4.runtime.dfa.DFAState::<init> (31 bytes)
Event: 9.499 Thread 0x0000021a851291a0 nmethod 6329 0x0000021a36347a08 code [0x0000021a36347b20, 0x0000021a36347c50]
Event: 9.500 Thread 0x0000021a3e593080 nmethod 6330 0x0000021a363f3a88 code [0x0000021a363f3ba0, 0x0000021a363f3db0]

GC Heap History (20 events):
Event: 5.483 GC heap after
{Heap after GC invocations=8 (full 0):
 garbage-first heap   total reserved 2015232K, committed 55296K, used 23227K [0x0000000085000000, 0x0000000100000000)
  region size 1024K, 3 young (3072K), 3 survivors (3072K)
 Metaspace       used 35630K, committed 36096K, reserved 1114112K
  class space    used 4068K, committed 4288K, reserved 1048576K
}
Event: 6.152 GC heap before
{Heap before GC invocations=9 (full 0):
 garbage-first heap   total reserved 2015232K, committed 55296K, used 45755K [0x0000000085000000, 0x0000000100000000)
  region size 1024K, 25 young (25600K), 3 survivors (3072K)
 Metaspace       used 41480K, committed 41984K, reserved 1114112K
  class space    used 4721K, committed 4928K, reserved 1048576K
}
Event: 6.162 GC heap after
{Heap after GC invocations=10 (full 0):
 garbage-first heap   total reserved 2015232K, committed 55296K, used 24608K [0x0000000085000000, 0x0000000100000000)
  region size 1024K, 2 young (2048K), 2 survivors (2048K)
 Metaspace       used 41480K, committed 41984K, reserved 1114112K
  class space    used 4721K, committed 4928K, reserved 1048576K
}
Event: 6.821 GC heap before
{Heap before GC invocations=10 (full 0):
 garbage-first heap   total reserved 2015232K, committed 55296K, used 46112K [0x0000000085000000, 0x0000000100000000)
  region size 1024K, 24 young (24576K), 2 survivors (2048K)
 Metaspace       used 47333K, committed 47872K, reserved 1114112K
  class space    used 5265K, committed 5504K, reserved 1048576K
}
Event: 6.830 GC heap after
{Heap after GC invocations=11 (full 0):
 garbage-first heap   total reserved 2015232K, committed 66560K, used 26050K [0x0000000085000000, 0x0000000100000000)
  region size 1024K, 3 young (3072K), 3 survivors (3072K)
 Metaspace       used 47333K, committed 47872K, reserved 1114112K
  class space    used 5265K, committed 5504K, reserved 1048576K
}
Event: 7.565 GC heap before
{Heap before GC invocations=11 (full 0):
 garbage-first heap   total reserved 2015232K, committed 66560K, used 55746K [0x0000000085000000, 0x0000000100000000)
  region size 1024K, 33 young (33792K), 3 survivors (3072K)
 Metaspace       used 55777K, committed 56320K, reserved 1114112K
  class space    used 6237K, committed 6464K, reserved 1048576K
}
Event: 7.572 GC heap after
{Heap after GC invocations=12 (full 0):
 garbage-first heap   total reserved 2015232K, committed 66560K, used 27642K [0x0000000085000000, 0x0000000100000000)
  region size 1024K, 3 young (3072K), 3 survivors (3072K)
 Metaspace       used 55777K, committed 56320K, reserved 1114112K
  class space    used 6237K, committed 6464K, reserved 1048576K
}
Event: 8.402 GC heap before
{Heap before GC invocations=12 (full 0):
 garbage-first heap   total reserved 2015232K, committed 66560K, used 48122K [0x0000000085000000, 0x0000000100000000)
  region size 1024K, 24 young (24576K), 3 survivors (3072K)
 Metaspace       used 59908K, committed 60416K, reserved 1114112K
  class space    used 6693K, committed 6912K, reserved 1048576K
}
Event: 8.408 GC heap after
{Heap after GC invocations=13 (full 0):
 garbage-first heap   total reserved 2015232K, committed 66560K, used 28876K [0x0000000085000000, 0x0000000100000000)
  region size 1024K, 3 young (3072K), 3 survivors (3072K)
 Metaspace       used 59908K, committed 60416K, reserved 1114112K
  class space    used 6693K, committed 6912K, reserved 1048576K
}
Event: 8.906 GC heap before
{Heap before GC invocations=14 (full 0):
 garbage-first heap   total reserved 2015232K, committed 66560K, used 58572K [0x0000000085000000, 0x0000000100000000)
  region size 1024K, 32 young (32768K), 3 survivors (3072K)
 Metaspace       used 63190K, committed 63808K, reserved 1114112K
  class space    used 7168K, committed 7424K, reserved 1048576K
}
Event: 8.910 GC heap after
{Heap after GC invocations=15 (full 0):
 garbage-first heap   total reserved 2015232K, committed 66560K, used 30616K [0x0000000085000000, 0x0000000100000000)
  region size 1024K, 3 young (3072K), 3 survivors (3072K)
 Metaspace       used 63190K, committed 63808K, reserved 1114112K
  class space    used 7168K, committed 7424K, reserved 1048576K
}
Event: 9.233 GC heap before
{Heap before GC invocations=15 (full 0):
 garbage-first heap   total reserved 2015232K, committed 66560K, used 59288K [0x0000000085000000, 0x0000000100000000)
  region size 1024K, 31 young (31744K), 3 survivors (3072K)
 Metaspace       used 66727K, committed 67328K, reserved 1114112K
  class space    used 7888K, committed 8128K, reserved 1048576K
}
Event: 9.239 GC heap after
{Heap after GC invocations=16 (full 0):
 garbage-first heap   total reserved 2015232K, committed 66560K, used 32484K [0x0000000085000000, 0x0000000100000000)
  region size 1024K, 4 young (4096K), 4 survivors (4096K)
 Metaspace       used 66727K, committed 67328K, reserved 1114112K
  class space    used 7888K, committed 8128K, reserved 1048576K
}
Event: 9.370 GC heap before
{Heap before GC invocations=16 (full 0):
 garbage-first heap   total reserved 2015232K, committed 66560K, used 58084K [0x0000000085000000, 0x0000000100000000)
  region size 1024K, 29 young (29696K), 4 survivors (4096K)
 Metaspace       used 68365K, committed 68992K, reserved 1114112K
  class space    used 8132K, committed 8384K, reserved 1048576K
}
Event: 9.375 GC heap after
{Heap after GC invocations=17 (full 0):
 garbage-first heap   total reserved 2015232K, committed 66560K, used 33176K [0x0000000085000000, 0x0000000100000000)
  region size 1024K, 3 young (3072K), 3 survivors (3072K)
 Metaspace       used 68365K, committed 68992K, reserved 1114112K
  class space    used 8132K, committed 8384K, reserved 1048576K
}
Event: 9.424 GC heap before
{Heap before GC invocations=17 (full 0):
 garbage-first heap   total reserved 2015232K, committed 66560K, used 58776K [0x0000000085000000, 0x0000000100000000)
  region size 1024K, 28 young (28672K), 3 survivors (3072K)
 Metaspace       used 68372K, committed 68992K, reserved 1114112K
  class space    used 8134K, committed 8384K, reserved 1048576K
}
Event: 9.433 GC heap after
{Heap after GC invocations=18 (full 0):
 garbage-first heap   total reserved 2015232K, committed 71680K, used 42693K [0x0000000085000000, 0x0000000100000000)
  region size 1024K, 4 young (4096K), 4 survivors (4096K)
 Metaspace       used 68372K, committed 68992K, reserved 1114112K
  class space    used 8134K, committed 8384K, reserved 1048576K
}
Event: 9.469 GC heap before
{Heap before GC invocations=19 (full 0):
 garbage-first heap   total reserved 2015232K, committed 71680K, used 61125K [0x0000000085000000, 0x0000000100000000)
  region size 1024K, 22 young (22528K), 4 survivors (4096K)
 Metaspace       used 68372K, committed 68992K, reserved 1114112K
  class space    used 8134K, committed 8384K, reserved 1048576K
}
Event: 9.476 GC heap after
{Heap after GC invocations=20 (full 0):
 garbage-first heap   total reserved 2015232K, committed 72704K, used 49998K [0x0000000085000000, 0x0000000100000000)
  region size 1024K, 3 young (3072K), 3 survivors (3072K)
 Metaspace       used 68372K, committed 68992K, reserved 1114112K
  class space    used 8134K, committed 8384K, reserved 1048576K
}
Event: 9.500 GC heap before
{Heap before GC invocations=20 (full 0):
 garbage-first heap   total reserved 2015232K, committed 72704K, used 64334K [0x0000000085000000, 0x0000000100000000)
  region size 1024K, 16 young (16384K), 3 survivors (3072K)
 Metaspace       used 68372K, committed 68992K, reserved 1114112K
  class space    used 8134K, committed 8384K, reserved 1048576K
}

Dll operation events (12 events):
Event: 0.038 Loaded shared library C:\Program Files\Java\jdk-24\bin\java.dll
Event: 0.292 Loaded shared library C:\Program Files\Java\jdk-24\bin\zip.dll
Event: 0.298 Loaded shared library C:\Program Files\Java\jdk-24\bin\instrument.dll
Event: 0.309 Loaded shared library C:\Program Files\Java\jdk-24\bin\net.dll
Event: 0.312 Loaded shared library C:\Program Files\Java\jdk-24\bin\nio.dll
Event: 0.318 Loaded shared library C:\Program Files\Java\jdk-24\bin\zip.dll
Event: 0.604 Loaded shared library C:\Program Files\Java\jdk-24\bin\jimage.dll
Event: 0.614 Loaded shared library C:\Program Files\Java\jdk-24\bin\extnet.dll
Event: 0.672 Loaded shared library C:\Program Files\Java\jdk-24\bin\management.dll
Event: 0.698 Loaded shared library C:\Program Files\Java\jdk-24\bin\management_ext.dll
Event: 3.431 Loaded shared library C:\Program Files\Java\jdk-24\bin\sunmscapi.dll
Event: 5.839 Loaded shared library C:\Program Files\Java\jdk-24\bin\verify.dll

Deoptimization events (0 events):
No events

Classes loaded (20 events):
Event: 8.708 Loading class java/util/regex/Pattern$NotBehind
Event: 8.708 Loading class java/util/regex/Pattern$NotBehind done
Event: 8.708 Loading class java/util/regex/Pattern$Neg
Event: 8.708 Loading class java/util/regex/Pattern$Neg done
Event: 8.708 Loading class java/util/regex/Pattern$Behind
Event: 8.708 Loading class java/util/regex/Pattern$Behind done
Event: 8.766 Loading class java/util/stream/SortedOps$SizedRefSortingSink
Event: 8.766 Loading class java/util/stream/SortedOps$SizedRefSortingSink done
Event: 8.787 Loading class java/nio/channels/CompletionHandler
Event: 8.787 Loading class java/nio/channels/CompletionHandler done
Event: 8.848 Loading class java/lang/invoke/MethodHandleImpl$CountingWrapper$1
Event: 8.849 Loading class java/lang/invoke/MethodHandleImpl$CountingWrapper$1 done
Event: 8.857 Loading class sun/reflect/ReflectionFactory
Event: 8.858 Loading class sun/reflect/ReflectionFactory done
Event: 8.858 Loading class java/io/OptionalDataException
Event: 8.858 Loading class java/io/OptionalDataException done
Event: 8.978 Loading class java/util/EmptyStackException
Event: 8.978 Loading class java/util/EmptyStackException done
Event: 9.068 Loading class java/io/InvalidClassException
Event: 9.068 Loading class java/io/InvalidClassException done

Classes unloaded (0 events):
No events

Classes redefined (0 events):
No events

Internal exceptions (20 events):
Event: 7.644 Thread 0x0000021a2d28d750 Exception <a 'java/lang/NoSuchMethodError'{0x000000008a31e5a0}: 'java.lang.Object java.lang.invoke.Invokers$Holder.linkToTargetMethod(java.lang.Object, java.lang.Object, java.lang.Object, java.lang.Object, java.lang.Object, java.lang.Object, java.lang.Object, java.lang.Object, java.lang.Object, java.lang.Object, java.lang.Object, java.lang.Object)'> (0x000000008a31e5a0) 
thrown [s\open\src\hotspot\share\interpreter\linkResolver.cpp, line 805]
Event: 7.677 Thread 0x0000021a2d28d750 Exception <a 'java/lang/IncompatibleClassChangeError'{0x000000008a2dd7e8}: Found class java.lang.Object, but interface was expected> (0x000000008a2dd7e8) 
thrown [s\open\src\hotspot\share\interpreter\linkResolver.cpp, line 872]
Event: 7.686 Thread 0x0000021a2d28d750 Exception <a 'java/lang/NoSuchMethodError'{0x0000000088966038}: 'java.lang.Object java.lang.invoke.DirectMethodHandle$Holder.newInvokeSpecial(java.lang.Object, java.lang.Object, int, java.lang.Object, int, java.lang.Object, java.lang.Object)'> (0x0000000088966038) 
thrown [s\open\src\hotspot\share\interpreter\linkResolver.cpp, line 805]
Event: 7.690 Thread 0x0000021a2d28d750 Exception <a 'java/lang/NoSuchMethodError'{0x00000000889bf690}: 'java.lang.Object java.lang.invoke.DirectMethodHandle$Holder.newInvokeSpecial(java.lang.Object, java.lang.Object, java.lang.Object, java.lang.Object, java.lang.Object, java.lang.Object, java.lang.Object, int)'> (0x00000000889bf690) 
thrown [s\open\src\hotspot\share\interpreter\linkResolver.cpp, line 805]
Event: 7.690 Thread 0x0000021a2d28d750 Exception <a 'java/lang/NoSuchMethodError'{0x00000000889c9568}: 'java.lang.Object java.lang.invoke.DirectMethodHandle$Holder.invokeSpecial(java.lang.Object, java.lang.Object, java.lang.Object, java.lang.Object, java.lang.Object, java.lang.Object, java.lang.Object, java.lang.Object, int)'> (0x00000000889c9568) 
thrown [s\open\src\hotspot\share\interpreter\linkResolver.cpp, line 805]
Event: 7.690 Thread 0x0000021a2d28d750 Exception <a 'java/lang/NoSuchMethodError'{0x00000000889d28e8}: 'java.lang.Object java.lang.invoke.Invokers$Holder.linkToTargetMethod(java.lang.Object, java.lang.Object, java.lang.Object, java.lang.Object, java.lang.Object, java.lang.Object, int, java.lang.Object)'> (0x00000000889d28e8) 
thrown [s\open\src\hotspot\share\interpreter\linkResolver.cpp, line 805]
Event: 7.740 Thread 0x0000021a2d28d750 Exception <a 'java/io/IOException'{0x00000000886c7de0}> (0x00000000886c7de0) 
thrown [s\open\src\hotspot\share\prims\jni.cpp, line 518]
Event: 7.745 Thread 0x0000021a2d28d750 Exception <a 'java/io/IOException'{0x00000000886f4340}> (0x00000000886f4340) 
thrown [s\open\src\hotspot\share\prims\jni.cpp, line 518]
Event: 7.748 Thread 0x0000021a2d28d750 Exception <a 'java/io/IOException'{0x00000000885053c0}> (0x00000000885053c0) 
thrown [s\open\src\hotspot\share\prims\jni.cpp, line 518]
Event: 7.749 Thread 0x0000021a2d28d750 Exception <a 'java/io/IOException'{0x0000000088510ca0}> (0x0000000088510ca0) 
thrown [s\open\src\hotspot\share\prims\jni.cpp, line 518]
Event: 8.234 Thread 0x0000021a2d28d750 Exception <a 'java/lang/NoSuchMethodError'{0x00000000882988d0}: 'java.lang.Object java.lang.invoke.DirectMethodHandle$Holder.invokeSpecial(java.lang.Object, java.lang.Object, int, java.lang.Object, int)'> (0x00000000882988d0) 
thrown [s\open\src\hotspot\share\interpreter\linkResolver.cpp, line 805]
Event: 8.234 Thread 0x0000021a2d28d750 Exception <a 'java/lang/NoSuchMethodError'{0x00000000882a1ba0}: 'java.lang.Object java.lang.invoke.DirectMethodHandle$Holder.invokeSpecial(java.lang.Object, java.lang.Object, java.lang.Object, int, java.lang.Object, int)'> (0x00000000882a1ba0) 
thrown [s\open\src\hotspot\share\interpreter\linkResolver.cpp, line 805]
Event: 8.235 Thread 0x0000021a2d28d750 Exception <a 'java/lang/NoSuchMethodError'{0x00000000882aa898}: 'java.lang.Object java.lang.invoke.DelegatingMethodHandle$Holder.reinvoke_L(java.lang.Object, java.lang.Object, int, java.lang.Object, int)'> (0x00000000882aa898) 
thrown [s\open\src\hotspot\share\interpreter\linkResolver.cpp, line 805]
Event: 8.383 Thread 0x0000021a2d28d750 Exception <a 'java/lang/IncompatibleClassChangeError'{0x0000000087c93f38}: Found class java.lang.Object, but interface was expected> (0x0000000087c93f38) 
thrown [s\open\src\hotspot\share\interpreter\linkResolver.cpp, line 872]
Event: 8.444 Thread 0x0000021a2d28d750 Exception <a 'java/lang/IncompatibleClassChangeError'{0x000000008cb43950}: Found class java.lang.Object, but interface was expected> (0x000000008cb43950) 
thrown [s\open\src\hotspot\share\interpreter\linkResolver.cpp, line 872]
Event: 8.518 Thread 0x0000021a2d28d750 Exception <a 'java/lang/IncompatibleClassChangeError'{0x00000000888c6b08}: Found class java.lang.Object, but interface was expected> (0x00000000888c6b08) 
thrown [s\open\src\hotspot\share\interpreter\linkResolver.cpp, line 872]
Event: 8.680 Thread 0x0000021a2d28d750 Exception <a 'java/lang/IncompatibleClassChangeError'{0x00000000882897d8}: Found class java.lang.Object, but interface was expected> (0x00000000882897d8) 
thrown [s\open\src\hotspot\share\interpreter\linkResolver.cpp, line 872]
Event: 8.680 Thread 0x0000021a2d28d750 Exception <a 'java/lang/IncompatibleClassChangeError'{0x0000000088299b10}: Found class java.lang.Object, but interface was expected> (0x0000000088299b10) 
thrown [s\open\src\hotspot\share\interpreter\linkResolver.cpp, line 872]
Event: 8.814 Thread 0x0000021a2d28d750 Exception <a 'java/lang/NoSuchMethodError'{0x000000008760e3e0}: 'void java.lang.invoke.DirectMethodHandle$Holder.invokeVirtual(java.lang.Object, java.lang.Object, long)'> (0x000000008760e3e0) 
thrown [s\open\src\hotspot\share\interpreter\linkResolver.cpp, line 805]
Event: 8.844 Thread 0x0000021a2d28d750 Exception <a 'java/lang/NoSuchMethodError'{0x000000008749db70}: 'int java.lang.invoke.DirectMethodHandle$Holder.invokeStaticInit(java.lang.Object, int, java.lang.Object, java.lang.Object, java.lang.Object, java.lang.Object)'> (0x000000008749db70) 
thrown [s\open\src\hotspot\share\interpreter\linkResolver.cpp, line 805]

VM Operations (20 events):
Event: 8.794 Executing VM operation: HandshakeAllThreads (Deoptimize) done
Event: 8.906 Executing VM operation: G1CollectForAllocation (G1 Evacuation Pause)
Event: 8.910 Executing VM operation: G1CollectForAllocation (G1 Evacuation Pause) done
Event: 9.079 Executing VM operation: HandshakeAllThreads (Deoptimize)
Event: 9.079 Executing VM operation: HandshakeAllThreads (Deoptimize) done
Event: 9.160 Executing VM operation: HandshakeAllThreads (Deoptimize)
Event: 9.161 Executing VM operation: HandshakeAllThreads (Deoptimize) done
Event: 9.233 Executing VM operation: G1CollectForAllocation (G1 Evacuation Pause)
Event: 9.239 Executing VM operation: G1CollectForAllocation (G1 Evacuation Pause) done
Event: 9.370 Executing VM operation: G1CollectForAllocation (G1 Evacuation Pause)
Event: 9.375 Executing VM operation: G1CollectForAllocation (G1 Evacuation Pause) done
Event: 9.424 Executing VM operation: G1CollectForAllocation (G1 Evacuation Pause)
Event: 9.433 Executing VM operation: G1CollectForAllocation (G1 Evacuation Pause) done
Event: 9.452 Executing VM operation: G1PauseRemark
Event: 9.454 Executing VM operation: G1PauseRemark done
Event: 9.463 Executing VM operation: G1PauseCleanup
Event: 9.463 Executing VM operation: G1PauseCleanup done
Event: 9.469 Executing VM operation: G1CollectForAllocation (G1 Evacuation Pause)
Event: 9.476 Executing VM operation: G1CollectForAllocation (G1 Evacuation Pause) done
Event: 9.500 Executing VM operation: G1CollectForAllocation (G1 Evacuation Pause)

Memory protections (0 events):
No events

Nmethod flushes (20 events):
Event: 8.424 Thread 0x0000021a3e20f850 flushing  nmethod 0x0000021a360e3188
Event: 8.424 Thread 0x0000021a3e20f850 flushing  nmethod 0x0000021a360f6f88
Event: 8.424 Thread 0x0000021a3e20f850 flushing  nmethod 0x0000021a3610b508
Event: 8.424 Thread 0x0000021a3e20f850 flushing  nmethod 0x0000021a3610c988
Event: 8.424 Thread 0x0000021a3e20f850 flushing  nmethod 0x0000021a36149b08
Event: 8.424 Thread 0x0000021a3e20f850 flushing  nmethod 0x0000021a3616e688
Event: 8.424 Thread 0x0000021a3e20f850 flushing  nmethod 0x0000021a36251588
Event: 8.424 Thread 0x0000021a3e20f850 flushing  nmethod 0x0000021a3634a908
Event: 8.424 Thread 0x0000021a3e20f850 flushing  nmethod 0x0000021a36370c08
Event: 9.453 Thread 0x0000021a3e20f850 flushing  nmethod 0x0000021a35e04788
Event: 9.453 Thread 0x0000021a3e20f850 flushing  nmethod 0x0000021a36396b88
Event: 9.453 Thread 0x0000021a3e20f850 flushing  nmethod 0x0000021a36347a08
Event: 9.453 Thread 0x0000021a3e20f850 flushing  nmethod 0x0000021a36347d08
Event: 9.453 Thread 0x0000021a3e20f850 flushing  nmethod 0x0000021a362efa08
Event: 9.453 Thread 0x0000021a3e20f850 flushing  nmethod 0x0000021a363f1188
Event: 9.453 Thread 0x0000021a3e20f850 flushing  nmethod 0x0000021a363f3a88
Event: 9.453 Thread 0x0000021a3e20f850 flushing  nmethod 0x0000021a35efce08
Event: 9.453 Thread 0x0000021a3e20f850 flushing  nmethod 0x0000021a36353808
Event: 9.453 Thread 0x0000021a3e20f850 flushing  nmethod 0x0000021a3639c208
Event: 9.453 Thread 0x0000021a3e20f850 flushing  nmethod 0x0000021a3639be08

Events (20 events):
Event: 6.329 Thread 0x0000021a3e3699d0 Thread added: 0x0000021a3eee2800
Event: 6.329 Thread 0x0000021a2d28d750 Thread added: 0x0000021a3eee2f50
Event: 6.334 Thread 0x0000021a3eee2800 Thread exited: 0x0000021a3eee2800
Event: 6.436 Thread 0x0000021a3eee2f50 Thread added: 0x0000021a3eee3df0
Event: 6.835 Thread 0x0000021a3e3699d0 Thread added: 0x0000021a3eee2800
Event: 6.840 Thread 0x0000021a3eee2800 Thread exited: 0x0000021a3eee2800
Event: 7.342 Thread 0x0000021a3e3699d0 Thread added: 0x0000021a3eee36a0
Event: 7.347 Thread 0x0000021a3eee36a0 Thread exited: 0x0000021a3eee36a0
Event: 7.858 Thread 0x0000021a3e369280 Thread added: 0x0000021a3eee36a0
Event: 7.859 Thread 0x0000021a3eee36a0 Thread added: 0x0000021a3eee0ac0
Event: 7.865 Thread 0x0000021a3eee0ac0 Thread exited: 0x0000021a3eee0ac0
Event: 8.367 Thread 0x0000021a3e3699d0 Thread added: 0x0000021a3eee2800
Event: 8.371 Thread 0x0000021a3eee2800 Thread exited: 0x0000021a3eee2800
Event: 8.798 Thread 0x0000021a2d28d750 Thread added: 0x0000021a3eee0ac0
Event: 8.799 Thread 0x0000021a3eee0ac0 Thread added: 0x0000021a3eee4540
Event: 8.802 Thread 0x0000021a2d28d750 Thread added: 0x0000021a3eee53e0
Event: 8.874 Thread 0x0000021a3e3699d0 Thread added: 0x0000021a3eee5b30
Event: 8.877 Thread 0x0000021a3eee5b30 Thread exited: 0x0000021a3eee5b30
Event: 9.380 Thread 0x0000021a3e3699d0 Thread added: 0x0000021a3eee4c90
Event: 9.383 Thread 0x0000021a3eee4c90 Thread exited: 0x0000021a3eee4c90


Dynamic libraries:
0x00007ff6b2320000 - 0x00007ff6b2330000 	C:\Program Files\Java\jdk-24\bin\java.exe
0x00007ffaba400000 - 0x00007ffaba667000 	C:\WINDOWS\SYSTEM32\ntdll.dll
0x00007ffab91b0000 - 0x00007ffab9279000 	C:\WINDOWS\System32\KERNEL32.DLL
0x00007ffab7b70000 - 0x00007ffab7f60000 	C:\WINDOWS\System32\KERNELBASE.dll
0x00007ffab75e0000 - 0x00007ffab772b000 	C:\WINDOWS\System32\ucrtbase.dll
0x00007ffaaec70000 - 0x00007ffaaec86000 	C:\Program Files\Java\jdk-24\bin\jli.dll
0x00007ffaa5f70000 - 0x00007ffaa5f8b000 	C:\Program Files\Java\jdk-24\bin\VCRUNTIME140.dll
0x00007ffab82d0000 - 0x00007ffab8495000 	C:\WINDOWS\System32\USER32.dll
0x00007ffa93380000 - 0x00007ffa9361a000 	C:\WINDOWS\WinSxS\amd64_microsoft.windows.common-controls_6595b64144ccf1df_6.0.26100.4768_none_3e0c112ce331287c\COMCTL32.dll
0x00007ffab7ab0000 - 0x00007ffab7ad7000 	C:\WINDOWS\System32\win32u.dll
0x00007ffab92f0000 - 0x00007ffab9399000 	C:\WINDOWS\System32\msvcrt.dll
0x00007ffab8940000 - 0x00007ffab896b000 	C:\WINDOWS\System32\GDI32.dll
0x00007ffab7730000 - 0x00007ffab7868000 	C:\WINDOWS\System32\gdi32full.dll
0x00007ffab7530000 - 0x00007ffab75d3000 	C:\WINDOWS\System32\msvcp_win.dll
0x00007ffab9f10000 - 0x00007ffab9f3f000 	C:\WINDOWS\System32\IMM32.DLL
0x00007ffab1670000 - 0x00007ffab167c000 	C:\Program Files\Java\jdk-24\bin\vcruntime140_1.dll
0x00007ffa87580000 - 0x00007ffa8760e000 	C:\Program Files\Java\jdk-24\bin\msvcp140.dll
0x00007ffa102b0000 - 0x00007ffa11052000 	C:\Program Files\Java\jdk-24\bin\server\jvm.dll
0x00007ffab8fd0000 - 0x00007ffab9084000 	C:\WINDOWS\System32\ADVAPI32.dll
0x00007ffab8d50000 - 0x00007ffab8df6000 	C:\WINDOWS\System32\sechost.dll
0x00007ffab9090000 - 0x00007ffab91a8000 	C:\WINDOWS\System32\RPCRT4.dll
0x00007ffab9f60000 - 0x00007ffab9fd4000 	C:\WINDOWS\System32\WS2_32.dll
0x00007ffaab770000 - 0x00007ffaab7a5000 	C:\WINDOWS\SYSTEM32\WINMM.dll
0x00007ffaa3840000 - 0x00007ffaa384b000 	C:\WINDOWS\SYSTEM32\VERSION.dll
0x00007ffab7390000 - 0x00007ffab73ee000 	C:\WINDOWS\SYSTEM32\POWRPROF.dll
0x00007ffab7370000 - 0x00007ffab7384000 	C:\WINDOWS\SYSTEM32\UMPDC.dll
0x00007ffab6270000 - 0x00007ffab628b000 	C:\WINDOWS\SYSTEM32\kernel.appcore.dll
0x00007ffaaf8b0000 - 0x00007ffaaf8ba000 	C:\Program Files\Java\jdk-24\bin\jimage.dll
0x00007ffab4c20000 - 0x00007ffab4e61000 	C:\WINDOWS\SYSTEM32\DBGHELP.DLL
0x00007ffaba030000 - 0x00007ffaba3b5000 	C:\WINDOWS\System32\combase.dll
0x00007ffab89f0000 - 0x00007ffab8ad0000 	C:\WINDOWS\System32\OLEAUT32.dll
0x00007ffa91ef0000 - 0x00007ffa91f33000 	C:\WINDOWS\SYSTEM32\dbgcore.DLL
0x00007ffab80f0000 - 0x00007ffab8189000 	C:\WINDOWS\System32\bcryptPrimitives.dll
0x00007ffa9b450000 - 0x00007ffa9b45f000 	C:\Program Files\Java\jdk-24\bin\instrument.dll
0x00007ffaa24a0000 - 0x00007ffaa24be000 	C:\Program Files\Java\jdk-24\bin\java.dll
0x00007ffab8e20000 - 0x00007ffab8fc0000 	C:\WINDOWS\System32\ole32.dll
0x00007ffab93a0000 - 0x00007ffab9aed000 	C:\WINDOWS\System32\SHELL32.dll
0x00007ffab7870000 - 0x00007ffab79e3000 	C:\WINDOWS\System32\wintypes.dll
0x00007ffab50d0000 - 0x00007ffab5930000 	C:\WINDOWS\SYSTEM32\windows.storage.dll
0x00007ffab9ba0000 - 0x00007ffab9c95000 	C:\WINDOWS\System32\SHCORE.dll
0x00007ffab9280000 - 0x00007ffab92ea000 	C:\WINDOWS\System32\shlwapi.dll
0x00007ffab7450000 - 0x00007ffab7479000 	C:\WINDOWS\SYSTEM32\profapi.dll
0x00007ffa9b430000 - 0x00007ffa9b447000 	C:\Program Files\Java\jdk-24\bin\zip.dll
0x00007ffaa5ef0000 - 0x00007ffaa5f00000 	C:\Program Files\Java\jdk-24\bin\net.dll
0x00007ffab67e0000 - 0x00007ffab684b000 	C:\WINDOWS\system32\mswsock.dll
0x00007ffa9b460000 - 0x00007ffa9b476000 	C:\Program Files\Java\jdk-24\bin\nio.dll
0x00007ffa9b380000 - 0x00007ffa9b389000 	C:\Program Files\Java\jdk-24\bin\extnet.dll
0x00007ffab5d50000 - 0x00007ffab5e76000 	C:\WINDOWS\SYSTEM32\DNSAPI.dll
0x00007ffab5c60000 - 0x00007ffab5c93000 	C:\WINDOWS\SYSTEM32\IPHLPAPI.DLL
0x00007ffab8e10000 - 0x00007ffab8e1a000 	C:\WINDOWS\System32\NSI.dll
0x00007ffaad360000 - 0x00007ffaad36b000 	C:\Windows\System32\rasadhlp.dll
0x00007ffaaafe0000 - 0x00007ffaab066000 	C:\WINDOWS\System32\fwpuclnt.dll
0x00007ffa9b2c0000 - 0x00007ffa9b2ca000 	C:\Program Files\Java\jdk-24\bin\management.dll
0x00007ffa971f0000 - 0x00007ffa971fb000 	C:\Program Files\Java\jdk-24\bin\management_ext.dll
0x00007ffab8e00000 - 0x00007ffab8e08000 	C:\WINDOWS\System32\PSAPI.DLL
0x00007ffab6bc0000 - 0x00007ffab6bdb000 	C:\WINDOWS\SYSTEM32\CRYPTSP.dll
0x00007ffab61d0000 - 0x00007ffab620b000 	C:\WINDOWS\system32\rsaenh.dll
0x00007ffab6880000 - 0x00007ffab68ab000 	C:\WINDOWS\SYSTEM32\USERENV.dll
0x00007ffab7420000 - 0x00007ffab7446000 	C:\WINDOWS\SYSTEM32\bcrypt.dll
0x00007ffab6a20000 - 0x00007ffab6a2c000 	C:\WINDOWS\SYSTEM32\CRYPTBASE.dll
0x00007ffa8bb10000 - 0x00007ffa8bb28000 	C:\WINDOWS\system32\napinsp.dll
0x00007ffa89c00000 - 0x00007ffa89c12000 	C:\WINDOWS\System32\winrnr.dll
0x00007ffa88790000 - 0x00007ffa887c0000 	C:\WINDOWS\system32\nlansp_c.dll
0x00007ffaa6120000 - 0x00007ffaa6140000 	C:\WINDOWS\system32\wshbth.dll
0x00007ffa8ba00000 - 0x00007ffa8ba4e000 	C:\WINDOWS\SYSTEM32\pdh.dll
0x00007ffaafa30000 - 0x00007ffaafa42000 	C:\WINDOWS\System32\perfproc.dll
0x00007ffa9b2f0000 - 0x00007ffa9b301000 	C:\WINDOWS\System32\perfos.dll
0x00007ffab5960000 - 0x00007ffab5972000 	C:\WINDOWS\SYSTEM32\pfclient.dll
0x00007ffa9b420000 - 0x00007ffa9b42e000 	C:\Program Files\Java\jdk-24\bin\sunmscapi.dll
0x00007ffab7f70000 - 0x00007ffab80e7000 	C:\WINDOWS\System32\CRYPT32.dll
0x00007ffab6d20000 - 0x00007ffab6d50000 	C:\WINDOWS\SYSTEM32\ncrypt.dll
0x00007ffab6cd0000 - 0x00007ffab6d0f000 	C:\WINDOWS\SYSTEM32\NTASN1.dll
0x00007ffa97050000 - 0x00007ffa97060000 	C:\Program Files\Java\jdk-24\bin\verify.dll

JVMTI agents:
C:\Program Files\JetBrains\IntelliJ IDEA 2025.1.2\lib\idea_rt.jar path:C:\Program Files\Java\jdk-24\bin\instrument.dll, loaded, initialized, instrumentlib options:56308

dbghelp: loaded successfully - version: 4.0.5 - missing functions: none
symbol engine: initialized successfully - sym options: 0x614 - pdb path: .;C:\Program Files\Java\jdk-24\bin;C:\WINDOWS\SYSTEM32;C:\WINDOWS\WinSxS\amd64_microsoft.windows.common-controls_6595b64144ccf1df_6.0.26100.4768_none_3e0c112ce331287c;C:\Program Files\Java\jdk-24\bin\server

VM Arguments:
jvm_args: -XX:TieredStopAtLevel=1 -Dspring.output.ansi.enabled=always -Dcom.sun.management.jmxremote -Dspring.jmx.enabled=true -Dspring.liveBeansView.mbeanDomain -Dspring.application.admin.enabled=true -Dmanagement.endpoints.jmx.exposure.include=* -javaagent:C:\Program Files\JetBrains\IntelliJ IDEA 2025.1.2\lib\idea_rt.jar=56308 -Dfile.encoding=UTF-8 -Dsun.stdout.encoding=UTF-8 -Dsun.stderr.encoding=UTF-8 
java_command: com.ahmedabasimel.myhotel.MyHotelApplication
java_class_path (initial): C:\Users\Ahmed\IdeaProjects\myHotel\target\classes;C:\Users\Ahmed\.m2\repository\org\springframework\boot\spring-boot-starter-data-jpa\3.5.3\spring-boot-starter-data-jpa-3.5.3.jar;C:\Users\Ahmed\.m2\repository\org\springframework\boot\spring-boot-starter\3.5.3\spring-boot-starter-3.5.3.jar;C:\Users\Ahmed\.m2\repository\org\springframework\boot\spring-boot\3.5.3\spring-boot-3.5.3.jar;C:\Users\Ahmed\.m2\repository\org\springframework\boot\spring-boot-autoconfigure\3.5.3\spring-boot-autoconfigure-3.5.3.jar;C:\Users\Ahmed\.m2\repository\org\springframework\boot\spring-boot-starter-logging\3.5.3\spring-boot-starter-logging-3.5.3.jar;C:\Users\Ahmed\.m2\repository\ch\qos\logback\logback-classic\1.5.18\logback-classic-1.5.18.jar;C:\Users\Ahmed\.m2\repository\ch\qos\logback\logback-core\1.5.18\logback-core-1.5.18.jar;C:\Users\Ahmed\.m2\repository\org\apache\logging\log4j\log4j-to-slf4j\2.24.3\log4j-to-slf4j-2.24.3.jar;C:\Users\Ahmed\.m2\repository\org\apache\logging\log4j\log4j-api\2.24.3\log4j-api-2.24.3.jar;C:\Users\Ahmed\.m2\repository\org\slf4j\jul-to-slf4j\2.0.17\jul-to-slf4j-2.0.17.jar;C:\Users\Ahmed\.m2\repository\jakarta\annotation\jakarta.annotation-api\2.1.1\jakarta.annotation-api-2.1.1.jar;C:\Users\Ahmed\.m2\repository\org\yaml\snakeyaml\2.4\snakeyaml-2.4.jar;C:\Users\Ahmed\.m2\repository\org\springframework\boot\spring-boot-starter-jdbc\3.5.3\spring-boot-starter-jdbc-3.5.3.jar;C:\Users\Ahmed\.m2\repository\com\zaxxer\HikariCP\6.3.0\HikariCP-6.3.0.jar;C:\Users\Ahmed\.m2\repository\org\springframework\spring-jdbc\6.2.8\spring-jdbc-6.2.8.jar;C:\Users\Ahmed\.m2\repository\org\hibernate\orm\hibernate-core\6.6.18.Final\hibernate-core-6.6.18.Final.jar;C:\Users\Ahmed\.m2\repository\jakarta\persistence\jakarta.persistence-api\3.1.0\jakarta.persistence-api-3.1.0.jar;C:\Users\Ahmed\.m2\repository\jakarta\transaction\jakarta.transaction-api\2.0.1\jakarta.transaction-api-2.0.1.jar;C:\Users\Ahmed\.m2\repository\org\jboss\logging\jboss-logging\3.6.1.Final\jboss-logging-3.6.1.Final.jar;C:\Users\Ahmed\.m2\repository\org\hibernate\common\hibernate-commons-annotations\7.0.3.Final\hibernate-commons-annotations-7.0.3.Final.jar;C:\Users\Ahmed\.m2\repository\io\smallrye\jandex\3.2.0\jandex-3.2.0.jar;C:\Users\Ahmed\.m2\repository\com\fasterxml\classmate\1.7.0\classmate-1.7.0.jar;C:\Users\Ahmed\.m2\repository\net\bytebuddy\byte-buddy\1.17.6\byte-buddy-1.17.6.jar;C:\Users\Ahmed\.m2\repository\org\glassfish\jaxb\jaxb-runtime\4.0.5\jaxb-runtime-4.0.5.jar;C:\Users\Ahmed\.m2\repository\org\glassfish\jaxb\jaxb-core\4.0.5\jaxb-core-4.0.5.jar;C:\Users\Ahmed\.m2\repository\org\eclipse\angus\angus-activation\2.0.2\angus-activation-2.0.2.jar;C:\Users\Ahmed\.m2\repository\org\glassfish\jaxb\txw2\4.0.5\txw2-4.0.5.jar;C:\Users\Ahmed\.m2\repository\com\sun\istack\istack-commons-runtime\4.1.2\istack-commons-runtime-4.1.2.jar;C:\Users\Ahmed\.m2\repository\jakarta\inject\jakarta.inject-api\2.0.1\jakarta.inject-api-2.0.1.jar;C:\Users\Ahmed\.m2\repository\org\antlr\antlr4-runtime\4.13.0\antlr4-runtime-4.13.0.jar;C:\Users\Ahmed\.m2\repository\org\springframework\data\spring-data-jpa\3.5.1\spring-data-jpa-3.5.1.jar;C:\Users\Ahmed\.m2\repository\org\springframework\data\spring-data-commons\3.5.1\spring-data-commons-3.5.1.jar;C:\Users\Ahmed\.m2\repository\org\springframework\spring-orm\6.2.8\spring-orm-6.2.8.jar;C:\Users\Ahmed\.m2\repository\org\springframework\spring-context\6.2.8\spring-context-6.2.8.jar;C:\Users\Ahmed\.m2\repository\org\springframework\spring-tx\6.2.8\spring-tx-6.2.8.jar;C:\Users\Ahmed\.m2\repository\org\springframework\spring-beans\6.2.8\spring-beans-6.2.8.jar;C:\Users\Ahmed\.m2\repository\org\slf4j\slf4j-api\2.0.17\slf4j-api-2.0.17.jar;C:\Users\Ahmed\.m2\repository\org\springframework\spring-aspects\6.2.8\spring-aspects-6.2.8.jar;C:\Users\Ahmed\.m2\repository\org\aspectj\aspectjweaver\1.9.24\aspectjweaver-1.9.24.jar;C:\Users\Ahmed\.m2\repository\org\springframework\boot\spring-boot-starter-web\3.5.3\spring-boot-starter-web-3.5.3.jar;C:\Users\Ahmed\.m2\repository\org\springframework\boot\spring-boot-starter-json\3.5.3\spring-boot-starter-json-3.5.3.jar;C:\Users\Ahmed\.m2\repository\com\fasterxml\jackson\datatype\jackson-datatype-jdk8\2.19.1\jackson-datatype-jdk8-2.19.1.jar;C:\Users\Ahmed\.m2\repository\com\fasterxml\jackson\datatype\jackson-datatype-jsr310\2.19.1\jackson-datatype-jsr310-2.19.1.jar;C:\Users\Ahmed\.m2\repository\com\fasterxml\jackson\module\jackson-module-parameter-names\2.19.1\jackson-module-parameter-names-2.19.1.jar;C:\Users\Ahmed\.m2\repository\org\springframework\boot\spring-boot-starter-tomcat\3.5.3\spring-boot-starter-tomcat-3.5.3.jar;C:\Users\Ahmed\.m2\repository\org\apache\tomcat\embed\tomcat-embed-core\10.1.42\tomcat-embed-core-10.1.42.jar;C:\Users\Ahmed\.m2\repository\org\apache\tomcat\embed\tomcat-embed-websocket\10.1.42\tomcat-embed-websocket-10.1.42.jar;C:\Users\Ahmed\.m2\repository\org\springframework\spring-web\6.2.8\spring-web-6.2.8.jar;C:\Users\Ahmed\.m2\repository\io\micrometer\micrometer-observation\1.15.1\micrometer-observation-1.15.1.jar;C:\Users\Ahmed\.m2\repository\io\micrometer\micrometer-commons\1.15.1\micrometer-commons-1.15.1.jar;C:\Users\Ahmed\.m2\repository\org\springframework\spring-webmvc\6.2.8\spring-webmvc-6.2.8.jar;C:\Users\Ahmed\.m2\repository\org\springframework\spring-expression\6.2.8\spring-expression-6.2.8.jar;C:\Users\Ahmed\.m2\repository\org\springframework\boot\spring-boot-starter-security\3.5.3\spring-boot-starter-security-3.5.3.jar;C:\Users\Ahmed\.m2\repository\org\springframework\spring-aop\6.2.8\spring-aop-6.2.8.jar;C:\Users\Ahmed\.m2\repository\org\springframework\security\spring-security-config\6.5.1\spring-security-config-6.5.1.jar;C:\Users\Ahmed\.m2\repository\org\springframework\security\spring-security-core\6.5.1\spring-security-core-6.5.1.jar;C:\Users\Ahmed\.m2\repository\org\springframework\security\spring-security-crypto\6.5.1\spring-security-crypto-6.5.1.jar;C:\Users\Ahmed\.m2\repository\org\springframework\security\spring-security-web\6.5.1\spring-security-web-6.5.1.jar;C:\Users\Ahmed\.m2\repository\org\springframework\boot\spring-boot-starter-validation\3.5.3\spring-boot-starter-validation-3.5.3.jar;C:\Users\Ahmed\.m2\repository\org\apache\tomcat\embed\tomcat-embed-el\10.1.42\tomcat-embed-el-10.1.42.jar;C:\Users\Ahmed\.m2\repository\org\hibernate\validator\hibernate-validator\8.0.2.Final\hibernate-validator-8.0.2.Final.jar;C:\Users\Ahmed\.m2\repository\jakarta\validation\jakarta.validation-api\3.0.2\jakarta.validation-api-3.0.2.jar;C:\Users\Ahmed\.m2\repository\org\postgresql\postgresql\42.7.7\postgresql-42.7.7.jar;C:\Users\Ahmed\.m2\repository\org\checkerframework\checker-qual\3.49.3\checker-qual-3.49.3.jar;C:\Users\Ahmed\.m2\repository\org\projectlombok\lombok\1.18.38\lombok-1.18.38.jar;C:\Users\Ahmed\.m2\repository\com\fasterxml\jackson\core\jackson-databind\2.15.2\jackson-databind-2.15.2.jar;C:\Users\Ahmed\.m2\repository\com\fasterxml\jackson\core\jackson-annotations\2.19.1\jackson-annotations-2.19.1.jar;C:\Users\Ahmed\.m2\repository\com\fasterxml\jackson\core\jackson-core\2.19.1\jackson-core-2.19.1.jar;C:\Users\Ahmed\.m2\repository\org\apache\commons\commons-lang3\3.12.0\commons-lang3-3.12.0.jar;C:\Users\Ahmed\.m2\repository\org\springframework\boot\spring-boot-configuration-processor\3.5.3\spring-boot-configuration-processor-3.5.3.jar;C:\Users\Ahmed\.m2\repository\io\jsonwebtoken\jjwt-api\0.11.5\jjwt-api-0.11.5.jar;C:\Users\Ahmed\.m2\repository\io\jsonwebtoken\jjwt-impl\0.11.5\jjwt-impl-0.11.5.jar;C:\Users\Ahmed\.m2\repository\io\jsonwebtoken\jjwt-jackson\0.11.5\jjwt-jackson-0.11.5.jar;C:\Users\Ahmed\.m2\repository\jakarta\xml\bind\jakarta.xml.bind-api\4.0.2\jakarta.xml.bind-api-4.0.2.jar;C:\Users\Ahmed\.m2\repository\jakarta\activation\jakarta.activation-api\2.1.3\jakarta.activation-api-2.1.3.jar;C:\Users\Ahmed\.m2\repository\org\springframework\spring-core\6.2.8\spring-core-6.2.8.jar;C:\Users\Ahmed\.m2\repository\org\springframework\spring-jcl\6.2.8\spring-jcl-6.2.8.jar
Launcher Type: SUN_STANDARD

[Global flags]
     intx CICompilerCount                          = 4                                         {product} {ergonomic}
     uint ConcGCThreads                            = 3                                         {product} {ergonomic}
     uint G1ConcRefinementThreads                  = 10                                        {product} {ergonomic}
   size_t G1HeapRegionSize                         = 1048576                                   {product} {ergonomic}
   size_t InitialHeapSize                          = 130023424                                 {product} {ergonomic}
     bool ManagementServer                         = true                                      {product} {command line}
   size_t MarkStackSize                            = 4194304                                   {product} {ergonomic}
   size_t MarkStackSizeMax                         = 536870912                                 {product} {ergonomic}
   size_t MaxHeapSize                              = 2063597568                                {product} {ergonomic}
   size_t MaxNewSize                               = 1237319680                                {product} {ergonomic}
   size_t MinHeapDeltaBytes                        = 1048576                                   {product} {ergonomic}
   size_t MinHeapSize                              = 8388608                                   {product} {ergonomic}
    uintx NonNMethodCodeHeapSize                   = 4096                                   {pd product} {ergonomic}
    uintx NonProfiledCodeHeapSize                  = 0                                      {pd product} {ergonomic}
     bool ProfileInterpreter                       = false                                  {pd product} {command line}
    uintx ProfiledCodeHeapSize                     = 0                                      {pd product} {ergonomic}
   size_t SoftMaxHeapSize                          = 2063597568                             {manageable} {ergonomic}
     intx TieredStopAtLevel                        = 1                                         {product} {command line}
     bool UseCompressedOops                        = true                           {product lp64_product} {ergonomic}
     bool UseG1GC                                  = true                                      {product} {ergonomic}
     bool UseLargePagesIndividualAllocation        = false                                  {pd product} {ergonomic}

Logging:
Log output configuration:
 #0: stdout all=warning uptime,level,tags foldmultilines=false
 #1: stderr all=off uptime,level,tags foldmultilines=false

Environment Variables:
PATH=C:\Program Files\Eclipse Adoptium\jdk-21.0.7.6-hotspot\bin;C:\Program Files\Common Files\Oracle\Java\javapath;C:\Users\Ahmed\AppData\Local\Programs\Python\Python312\Scripts\;C:\Users\Ahmed\AppData\Local\Programs\Python\Python312\;C:\Users\Ahmed\anaconda3\;C:\Users\Ahmed\anaconda3\Scripts\;C:\Users\Ahmed\anaconda3\Library\bin\;C:\Program Files\Microsoft\jdk-11.0.16.101-hotspot\bin;C:\Windows\System32;C:\Windows;C:\Windows\System32\wbem;C:\Windows\System32\WindowsPowerShell\v1.0\;C:\Windows\System32\OpenSSH\;C:\MinGW\bin;C:\ProgramData\chocolatey\bin;C:\Program Files\Microsoft SQL Server\150\Tools\Binn\;C:\Program Files\Microsoft SQL Server\Client SDK\ODBC\170\Tools\Binn\;C:\Program Files (x86)\Windows Kits\10\Windows Performance Toolkit\;C:\Program Files (x86)\Microsoft SQL Server\160\Tools\Binn\;C:\Program Files\Microsoft SQL Server\160\Tools\Binn\;C:\Program Files\Microsoft SQL Server\160\DTS\Binn\;C:\Program Files (x86)\Microsoft SQL Server\160\DTS\Binn\;C:\Program Files\MySQL\MySQL Server 8.0\bin;C:\Program Files\nodejs\;C:\ProgramData\ComposerSetup\bin;C:\xampp\php;C:\ProgramData\ComposerSetup\bin\composer;C:\Program Files (x86)\GnuPG\bin;C:\Program Files\Docker\Docker\resources\bin;C:\Program Files\PostgreSQL\17\bin;C:\Program Files\GitHub CLI\;C:\Program Files\GitHub CLI\;C:\Program Files\Git\cmd;C:\Program Files\MySQL\MySQL Shell 8.0\bin\;C:\Users\Ahmed\AppData\Local\Microsoft\WindowsApps;C:\ghcup\bin;C:\Program Files\Haskell\bin;C:\Users\Ahmed\AppData\Roaming\local\bin;C:\Users\Ahmed\AppData\Local\Programs\Microsoft VS Code\bin;C:\MinGW\bin;C:\Program Files\JetBrains\PyCharm Community Edition 2023.3.2\bin;;C:\Users\Ahmed\anaconda3;C:\Users\Ahmed\AppData\Roaming\npm;C:\Users\Ahmed\AppData\Roaming\Composer\vendor\bin;C:\Program Files\JetBrains\IntelliJ IDEA 2025.1.2\bin;;C:\Program Files\PostgreSQL\17\bin;;C:\Program Files\JetBrains\IntelliJ IDEA Community Edition 2025.1.2\bin;
USERNAME=Ahmed
OS=Windows_NT
PROCESSOR_IDENTIFIER=Intel64 Family 6 Model 154 Stepping 4, GenuineIntel
TMP=C:\Users\Ahmed\AppData\Local\Temp
TEMP=C:\Users\Ahmed\AppData\Local\Temp




Periodic native trim disabled

---------------  S Y S T E M  ---------------

OS:
 Windows 11 , 64 bit Build 26100 (10.0.26100.4768)
OS uptime: 5 days 20:14 hours
Hyper-V role detected

CPU: total 12 (initial active 12) (6 cores per cpu, 2 threads per core) family 6 model 154 stepping 4 microcode 0x437, cx8, cmov, fxsr, ht, mmx, 3dnowpref, sse, sse2, sse3, ssse3, sse4.1, sse4.2, popcnt, lzcnt, tsc, tscinvbit, avx, avx2, aes, erms, clmul, bmi1, bmi2, adx, sha, fma, vzeroupper, clflush, clflushopt, clwb, hv, serialize, rdtscp, rdpid, fsrm, gfni, f16c, cet_ibt, cet_ss
Processor Information for processor 0
  Max Mhz: 1300, Current Mhz: 1300, Mhz Limit: 1300
Processor Information for processor 1
  Max Mhz: 1300, Current Mhz: 1300, Mhz Limit: 1300
Processor Information for processor 2
  Max Mhz: 1300, Current Mhz: 1300, Mhz Limit: 1300
Processor Information for processor 3
  Max Mhz: 1300, Current Mhz: 1300, Mhz Limit: 1300
Processor Information for processor 4
  Max Mhz: 1300, Current Mhz: 900, Mhz Limit: 897
Processor Information for processor 5
  Max Mhz: 1300, Current Mhz: 900, Mhz Limit: 897
Processor Information for processor 6
  Max Mhz: 1300, Current Mhz: 900, Mhz Limit: 897
Processor Information for processor 7
  Max Mhz: 1300, Current Mhz: 900, Mhz Limit: 897
Processor Information for processor 8
  Max Mhz: 1300, Current Mhz: 900, Mhz Limit: 897
Processor Information for processor 9
  Max Mhz: 1300, Current Mhz: 900, Mhz Limit: 897
Processor Information for processor 10
  Max Mhz: 1300, Current Mhz: 900, Mhz Limit: 897
Processor Information for processor 11
  Max Mhz: 1300, Current Mhz: 900, Mhz Limit: 897

Memory: 4k page, system-wide physical 7865M (710M free)
TotalPageFile size 32441M (AvailPageFile size 62M)
current process WorkingSet (physical memory assigned to process): 223M, peak: 223M
current process commit charge ("private bytes"): 292M, peak: 329M

vm_info: Java HotSpot(TM) 64-Bit Server VM (24.0.1+9-30) for windows-amd64 JRE (24.0.1+9-30), built on 2025-03-05T07:23:45Z with MS VC++ 17.6 (VS2022)

END.
